<?xml version="1.0" encoding="UTF-8"?>
<testng-results ignored="0" total="1" passed="1" failed="0" skipped="0">
  <reporter-output>
  </reporter-output>
  <suite started-at="2023-09-23T11:54:35 IST" name="Suite" finished-at="2023-09-23T11:54:44 IST" duration-ms="8343">
    <groups>
    </groups>
    <test started-at="2023-09-23T11:54:35 IST" name="Test" finished-at="2023-09-23T11:54:44 IST" duration-ms="8343">
      <class name="KYC_PACK.basic_cmd.second">
        <test-method signature="testNG()[pri:0, instance:KYC_PACK.basic_cmd.second@248e319b]" started-at="2023-09-23T11:54:35 IST" name="testNG" finished-at="2023-09-23T11:54:44 IST" duration-ms="8238" status="PASS">
          <reporter-output>
          </reporter-output>
        </test-method> <!-- testNG -->
      </class> <!-- KYC_PACK.basic_cmd.second -->
    </test> <!-- Test -->
  </suite> <!-- Suite -->
</testng-results>
